2020-04-19 23:35:14.518  INFO 17996 --- [main] c.b.s.r.a.SpringBootReactorApplication   : Starting SpringBootReactorApplication on DESKTOP-3D9NU1V with PID 17996 (C:\Users\EderFlores\Documents\workspace-spring-tool-suite-4\spring-boot-reactor\target\classes started by EderFlores in C:\Users\EderFlores\Documents\workspace-spring-tool-suite-4\spring-boot-reactor)
2020-04-19 23:35:14.521  INFO 17996 --- [main] c.b.s.r.a.SpringBootReactorApplication   : No active profile set, falling back to default profiles: default
2020-04-19 23:35:14.831  INFO 17996 --- [main] c.b.s.r.a.SpringBootReactorApplication   : Started SpringBootReactorApplication in 0.548 seconds (JVM running for 0.96)
2020-04-19 23:35:14.849  INFO 17996 --- [main] c.b.s.r.a.SpringBootReactorApplication   : bruce lee
2020-04-19 23:35:14.849  INFO 17996 --- [main] c.b.s.r.a.SpringBootReactorApplication   : bruce williams2020-05-26 09:09:15.223  INFO 1324 --- [main] .s.r.a.SpringBootReactorApplicationTests : Starting SpringBootReactorApplicationTests on FFLORESG-PC with PID 1324 (started by FFLORESG in D:\Gestion2019\practica\spring-boot-reactor)
2020-05-26 09:09:15.224  INFO 1324 --- [main] .s.r.a.SpringBootReactorApplicationTests : No active profile set, falling back to default profiles: default
2020-05-26 09:09:15.578  INFO 1324 --- [main] .s.r.a.SpringBootReactorApplicationTests : Started SpringBootReactorApplicationTests in 0.575 seconds (JVM running for 1.383)
2020-05-26 09:09:15.659  INFO 1324 --- [main] c.b.s.r.a.SpringBootReactorApplication   : bruce lee
2020-05-26 09:09:15.659  INFO 1324 --- [main] c.b.s.r.a.SpringBootReactorApplication   : bruce williams
2020-05-26 09:22:09.091  INFO 14560 --- [main] c.b.s.r.a.SpringBootReactorApplication   : Starting SpringBootReactorApplication on FFLORESG-PC with PID 14560 (D:\Gestion2019\practica\spring-boot-reactor\target\classes started by FFLORESG in D:\Gestion2019\practica\spring-boot-reactor)
2020-05-26 09:22:09.093  INFO 14560 --- [main] c.b.s.r.a.SpringBootReactorApplication   : No active profile set, falling back to default profiles: default
2020-05-26 09:22:09.393  INFO 14560 --- [main] c.b.s.r.a.SpringBootReactorApplication   : Started SpringBootReactorApplication in 0.47 seconds (JVM running for 0.9)
2020-05-26 09:22:09.407  INFO 14560 --- [main] c.b.s.r.a.SpringBootReactorApplication   : bruce lee
2020-05-26 09:22:09.407  INFO 14560 --- [main] c.b.s.r.a.SpringBootReactorApplication   : bruce williams
2020-05-26 10:23:58.681  INFO 11036 --- [main] c.b.s.r.a.SpringBootReactorApplication   : Starting SpringBootReactorApplication on FFLORESG-PC with PID 11036 (D:\Gestion2019\practica\spring-boot-reactor\target\classes started by FFLORESG in D:\Gestion2019\practica\spring-boot-reactor)
2020-05-26 10:23:58.683  INFO 11036 --- [main] c.b.s.r.a.SpringBootReactorApplication   : No active profile set, falling back to default profiles: default
2020-05-26 10:23:58.987  INFO 11036 --- [main] c.b.s.r.a.SpringBootReactorApplication   : Started SpringBootReactorApplication in 0.475 seconds (JVM running for 0.836)
2020-05-26 10:23:58.997  INFO 11036 --- [main] c.b.s.r.a.SpringBootReactorApplication   : [Usuario [nombre=Bernardo, apellido= Guzman], Usuario [nombre=Pepe, apellido=Flores], Usuario [nombre=Eder, apellido=Flores], Usuario [nombre=Julia, apellido=Guzman], Usuario [nombre=Maria, apellido=Cabrera], Usuario [nombre=Bruce, apellido=Lee], Usuario [nombre=Bruce, apellido=Williams]]
2020-05-26 10:48:24.200  INFO 13020 --- [main] c.b.s.r.a.SpringBootReactorApplication   : Starting SpringBootReactorApplication on FFLORESG-PC with PID 13020 (D:\Gestion2019\practica\spring-boot-reactor\target\classes started by FFLORESG in D:\Gestion2019\practica\spring-boot-reactor)
2020-05-26 10:48:24.202  INFO 13020 --- [main] c.b.s.r.a.SpringBootReactorApplication   : No active profile set, falling back to default profiles: default
2020-05-26 10:48:24.456  INFO 13020 --- [main] c.b.s.r.a.SpringBootReactorApplication   : Started SpringBootReactorApplication in 0.423 seconds (JVM running for 0.773)
2020-05-26 10:48:24.466  INFO 13020 --- [main] c.b.s.r.a.SpringBootReactorApplication   : [Usuario [nombre=Bernardo, apellido= Guzman], Usuario [nombre=Pepe, apellido=Flores], Usuario [nombre=Eder, apellido=Flores], Usuario [nombre=Julia, apellido=Guzman], Usuario [nombre=Maria, apellido=Cabrera], Usuario [nombre=Bruce, apellido=Lee], Usuario [nombre=Bruce, apellido=Williams]]
2020-05-26 10:49:48.690  INFO 17704 --- [main] c.b.s.r.a.SpringBootReactorApplication   : Starting SpringBootReactorApplication on FFLORESG-PC with PID 17704 (D:\Gestion2019\practica\spring-boot-reactor\target\classes started by FFLORESG in D:\Gestion2019\practica\spring-boot-reactor)
2020-05-26 10:49:48.691  INFO 17704 --- [main] c.b.s.r.a.SpringBootReactorApplication   : No active profile set, falling back to default profiles: default
2020-05-26 10:49:48.934  INFO 17704 --- [main] c.b.s.r.a.SpringBootReactorApplication   : Started SpringBootReactorApplication in 0.414 seconds (JVM running for 0.735)
2020-05-26 10:49:48.944  INFO 17704 --- [main] c.b.s.r.a.SpringBootReactorApplication   : [Usuario [nombre=Bernardo, apellido= Guzman], Usuario [nombre=Pepe, apellido=Flores], Usuario [nombre=Eder, apellido=Flores], Usuario [nombre=Julia, apellido=Guzman], Usuario [nombre=Maria, apellido=Cabrera], Usuario [nombre=Bruce, apellido=Lee], Usuario [nombre=Bruce, apellido=Williams]]
2020-05-26 10:53:11.736  INFO 17144 --- [main] c.b.s.r.a.SpringBootReactorApplication   : Starting SpringBootReactorApplication on FFLORESG-PC with PID 17144 (D:\Gestion2019\practica\spring-boot-reactor\target\classes started by FFLORESG in D:\Gestion2019\practica\spring-boot-reactor)
2020-05-26 10:53:11.737  INFO 17144 --- [main] c.b.s.r.a.SpringBootReactorApplication   : No active profile set, falling back to default profiles: default
2020-05-26 10:53:11.992  INFO 17144 --- [main] c.b.s.r.a.SpringBootReactorApplication   : Started SpringBootReactorApplication in 0.435 seconds (JVM running for 0.833)
2020-05-26 10:53:12.001  INFO 17144 --- [main] c.b.s.r.a.SpringBootReactorApplication   : Usuario [nombre=Bernardo, apellido= Guzman]
2020-05-26 10:53:12.001  INFO 17144 --- [main] c.b.s.r.a.SpringBootReactorApplication   : Usuario [nombre=Pepe, apellido=Flores]
2020-05-26 10:53:12.001  INFO 17144 --- [main] c.b.s.r.a.SpringBootReactorApplication   : Usuario [nombre=Eder, apellido=Flores]
2020-05-26 10:53:12.001  INFO 17144 --- [main] c.b.s.r.a.SpringBootReactorApplication   : Usuario [nombre=Julia, apellido=Guzman]
2020-05-26 10:53:12.002  INFO 17144 --- [main] c.b.s.r.a.SpringBootReactorApplication   : Usuario [nombre=Maria, apellido=Cabrera]
2020-05-26 10:53:12.002  INFO 17144 --- [main] c.b.s.r.a.SpringBootReactorApplication   : Usuario [nombre=Bruce, apellido=Lee]
2020-05-26 10:53:12.002  INFO 17144 --- [main] c.b.s.r.a.SpringBootReactorApplication   : Usuario [nombre=Bruce, apellido=Williams]
2020-05-26 10:55:09.143  INFO 17092 --- [main] c.b.s.r.a.SpringBootReactorApplication   : Starting SpringBootReactorApplication on FFLORESG-PC with PID 17092 (D:\Gestion2019\practica\spring-boot-reactor\target\classes started by FFLORESG in D:\Gestion2019\practica\spring-boot-reactor)
2020-05-26 10:55:09.144  INFO 17092 --- [main] c.b.s.r.a.SpringBootReactorApplication   : No active profile set, falling back to default profiles: default
2020-05-26 10:55:09.395  INFO 17092 --- [main] c.b.s.r.a.SpringBootReactorApplication   : Started SpringBootReactorApplication in 0.42 seconds (JVM running for 0.748)
2020-05-26 10:55:09.405  INFO 17092 --- [main] c.b.s.r.a.SpringBootReactorApplication   : [Usuario [nombre=Bernardo, apellido= Guzman], Usuario [nombre=Pepe, apellido=Flores], Usuario [nombre=Eder, apellido=Flores], Usuario [nombre=Julia, apellido=Guzman], Usuario [nombre=Maria, apellido=Cabrera], Usuario [nombre=Bruce, apellido=Lee], Usuario [nombre=Bruce, apellido=Williams]]
2020-05-26 10:58:09.208  INFO 10192 --- [main] c.b.s.r.a.SpringBootReactorApplication   : Starting SpringBootReactorApplication on FFLORESG-PC with PID 10192 (D:\Gestion2019\practica\spring-boot-reactor\target\classes started by FFLORESG in D:\Gestion2019\practica\spring-boot-reactor)
2020-05-26 10:58:09.211  INFO 10192 --- [main] c.b.s.r.a.SpringBootReactorApplication   : No active profile set, falling back to default profiles: default
2020-05-26 10:58:09.474  INFO 10192 --- [main] c.b.s.r.a.SpringBootReactorApplication   : Started SpringBootReactorApplication in 0.437 seconds (JVM running for 0.788)
2020-05-26 10:58:09.485  INFO 10192 --- [main] c.b.s.r.a.SpringBootReactorApplication   : [Usuario [nombre=Bernardo, apellido= Guzman], Usuario [nombre=Pepe, apellido=Flores], Usuario [nombre=Eder, apellido=Flores], Usuario [nombre=Julia, apellido=Guzman], Usuario [nombre=Maria, apellido=Cabrera], Usuario [nombre=Bruce, apellido=Lee], Usuario [nombre=Bruce, apellido=Williams]]
2020-05-26 10:58:09.485  INFO 10192 --- [main] c.b.s.r.a.SpringBootReactorApplication   : [Usuario [nombre=Bernardo, apellido= Guzman], Usuario [nombre=Pepe, apellido=Flores], Usuario [nombre=Eder, apellido=Flores], Usuario [nombre=Julia, apellido=Guzman], Usuario [nombre=Maria, apellido=Cabrera], Usuario [nombre=Bruce, apellido=Lee], Usuario [nombre=Bruce, apellido=Williams]]
2020-05-26 10:58:09.485  INFO 10192 --- [main] c.b.s.r.a.SpringBootReactorApplication   : [Usuario [nombre=Bernardo, apellido= Guzman], Usuario [nombre=Pepe, apellido=Flores], Usuario [nombre=Eder, apellido=Flores], Usuario [nombre=Julia, apellido=Guzman], Usuario [nombre=Maria, apellido=Cabrera], Usuario [nombre=Bruce, apellido=Lee], Usuario [nombre=Bruce, apellido=Williams]]
2020-05-26 10:58:09.486  INFO 10192 --- [main] c.b.s.r.a.SpringBootReactorApplication   : [Usuario [nombre=Bernardo, apellido= Guzman], Usuario [nombre=Pepe, apellido=Flores], Usuario [nombre=Eder, apellido=Flores], Usuario [nombre=Julia, apellido=Guzman], Usuario [nombre=Maria, apellido=Cabrera], Usuario [nombre=Bruce, apellido=Lee], Usuario [nombre=Bruce, apellido=Williams]]
2020-05-26 10:58:09.486  INFO 10192 --- [main] c.b.s.r.a.SpringBootReactorApplication   : [Usuario [nombre=Bernardo, apellido= Guzman], Usuario [nombre=Pepe, apellido=Flores], Usuario [nombre=Eder, apellido=Flores], Usuario [nombre=Julia, apellido=Guzman], Usuario [nombre=Maria, apellido=Cabrera], Usuario [nombre=Bruce, apellido=Lee], Usuario [nombre=Bruce, apellido=Williams]]
2020-05-26 10:58:09.486  INFO 10192 --- [main] c.b.s.r.a.SpringBootReactorApplication   : [Usuario [nombre=Bernardo, apellido= Guzman], Usuario [nombre=Pepe, apellido=Flores], Usuario [nombre=Eder, apellido=Flores], Usuario [nombre=Julia, apellido=Guzman], Usuario [nombre=Maria, apellido=Cabrera], Usuario [nombre=Bruce, apellido=Lee], Usuario [nombre=Bruce, apellido=Williams]]
2020-05-26 10:58:09.486  INFO 10192 --- [main] c.b.s.r.a.SpringBootReactorApplication   : [Usuario [nombre=Bernardo, apellido= Guzman], Usuario [nombre=Pepe, apellido=Flores], Usuario [nombre=Eder, apellido=Flores], Usuario [nombre=Julia, apellido=Guzman], Usuario [nombre=Maria, apellido=Cabrera], Usuario [nombre=Bruce, apellido=Lee], Usuario [nombre=Bruce, apellido=Williams]]
2020-05-26 10:58:23.585  INFO 16848 --- [main] c.b.s.r.a.SpringBootReactorApplication   : Starting SpringBootReactorApplication on FFLORESG-PC with PID 16848 (D:\Gestion2019\practica\spring-boot-reactor\target\classes started by FFLORESG in D:\Gestion2019\practica\spring-boot-reactor)
2020-05-26 10:58:23.587  INFO 16848 --- [main] c.b.s.r.a.SpringBootReactorApplication   : No active profile set, falling back to default profiles: default
2020-05-26 10:58:23.830  INFO 16848 --- [main] c.b.s.r.a.SpringBootReactorApplication   : Started SpringBootReactorApplication in 0.41 seconds (JVM running for 0.745)
2020-05-26 10:58:23.840  INFO 16848 --- [main] c.b.s.r.a.SpringBootReactorApplication   : Usuario [nombre=Bernardo, apellido= Guzman]
2020-05-26 10:58:23.840  INFO 16848 --- [main] c.b.s.r.a.SpringBootReactorApplication   : Usuario [nombre=Pepe, apellido=Flores]
2020-05-26 10:58:23.840  INFO 16848 --- [main] c.b.s.r.a.SpringBootReactorApplication   : Usuario [nombre=Eder, apellido=Flores]
2020-05-26 10:58:23.840  INFO 16848 --- [main] c.b.s.r.a.SpringBootReactorApplication   : Usuario [nombre=Julia, apellido=Guzman]
2020-05-26 10:58:23.840  INFO 16848 --- [main] c.b.s.r.a.SpringBootReactorApplication   : Usuario [nombre=Maria, apellido=Cabrera]
2020-05-26 10:58:23.840  INFO 16848 --- [main] c.b.s.r.a.SpringBootReactorApplication   : Usuario [nombre=Bruce, apellido=Lee]
2020-05-26 10:58:23.840  INFO 16848 --- [main] c.b.s.r.a.SpringBootReactorApplication   : Usuario [nombre=Bruce, apellido=Williams]
2020-05-26 11:54:27.655  INFO 14628 --- [main] c.b.s.r.a.SpringBootReactorApplication   : Starting SpringBootReactorApplication on FFLORESG-PC with PID 14628 (D:\Gestion2019\practica\spring-boot-reactor\target\classes started by FFLORESG in D:\Gestion2019\practica\spring-boot-reactor)
2020-05-26 11:54:27.656  INFO 14628 --- [main] c.b.s.r.a.SpringBootReactorApplication   : No active profile set, falling back to default profiles: default
2020-05-26 11:54:27.894  INFO 14628 --- [main] c.b.s.r.a.SpringBootReactorApplication   : Started SpringBootReactorApplication in 0.415 seconds (JVM running for 0.859)
2020-05-26 11:54:27.903  INFO 14628 --- [main] c.b.s.r.a.SpringBootReactorApplication   : UsuarioComentarios [usuario=Usuario [nombre=John, apellido=Doe], comentarios=Comentarios = [Hola como est치s, Ma침ana vdoy a la playa!, Estoy tomando el curso de spring reactivo]]
2020-05-26 12:50:37.064  INFO 17932 --- [main] c.b.s.r.a.SpringBootReactorApplication   : Starting SpringBootReactorApplication on FFLORESG-PC with PID 17932 (D:\Gestion2019\practica\spring-boot-reactor\target\classes started by FFLORESG in D:\Gestion2019\practica\spring-boot-reactor)
2020-05-26 12:50:37.066  INFO 17932 --- [main] c.b.s.r.a.SpringBootReactorApplication   : No active profile set, falling back to default profiles: default
2020-05-26 12:50:37.323  INFO 17932 --- [main] c.b.s.r.a.SpringBootReactorApplication   : Started SpringBootReactorApplication in 0.435 seconds (JVM running for 0.767)
2020-05-26 12:50:37.331  INFO 17932 --- [main] c.b.s.r.a.SpringBootReactorApplication   : UsuarioComentarios [usuario=Usuario [nombre=John, apellido=Doe], comentarios=Comentarios = [Hola como est치s, Ma침ana vdoy a la playa!, Estoy tomando el curso de spring reactivo]]
